<?xml version="1.0" encoding="UTF-8"?>
<testsuite name="TestSuite" time="60.243" tests="30" errors="0" skipped="0" failures="0">
  <properties>
    <property name="idea.version" value="2016.3"/>
    <property name="java.runtime.name" value="Java(TM) SE Runtime Environment"/>
    <property name="sun.boot.library.path" value="C:\Program Files\Java\jdk1.8.0_91\jre\bin"/>
    <property name="java.vm.version" value="25.91-b15"/>
    <property name="java.vm.vendor" value="Oracle Corporation"/>
    <property name="maven.multiModuleProjectDirectory" value="E:\___Java\Alfatest"/>
    <property name="java.vendor.url" value="http://java.oracle.com/"/>
    <property name="path.separator" value=";"/>
    <property name="guice.disable.misplaced.annotation.check" value="true"/>
    <property name="java.vm.name" value="Java HotSpot(TM) 64-Bit Server VM"/>
    <property name="file.encoding.pkg" value="sun.io"/>
    <property name="idea.launcher.port" value="7547"/>
    <property name="user.script" value=""/>
    <property name="user.country" value="US"/>
    <property name="sun.java.launcher" value="SUN_STANDARD"/>
    <property name="sun.os.patch.level" value=""/>
    <property name="java.vm.specification.name" value="Java Virtual Machine Specification"/>
    <property name="user.dir" value="E:\___Java\Alfatest"/>
    <property name="java.runtime.version" value="1.8.0_91-b15"/>
    <property name="java.awt.graphicsenv" value="sun.awt.Win32GraphicsEnvironment"/>
    <property name="java.endorsed.dirs" value="C:\Program Files\Java\jdk1.8.0_91\jre\lib\endorsed"/>
    <property name="os.arch" value="amd64"/>
    <property name="java.io.tmpdir" value="C:\Users\VLADIM~1\AppData\Local\Temp\"/>
    <property name="line.separator" value="&#10;"/>
    <property name="java.vm.specification.vendor" value="Oracle Corporation"/>
    <property name="user.variant" value=""/>
    <property name="os.name" value="Windows 10"/>
    <property name="classworlds.conf" value="C:\Program Files (x86)\IntelliJIDEA2016.3\plugins\maven\lib\maven3\bin\m2.conf"/>
    <property name="sun.jnu.encoding" value="Cp1251"/>
    <property name="java.library.path" value="C:\Program Files\Java\jdk1.8.0_91\bin;C:\WINDOWS\Sun\Java\bin;C:\WINDOWS\system32;C:\WINDOWS;C:\ProgramData\Oracle\Java\javapath;C:\WINDOWS\system32;C:\WINDOWS;C:\WINDOWS\System32\Wbem;C:\WINDOWS\System32\WindowsPowerShell\v1.0\;C:\Program Files\TortoiseSVN\bin;C:\Program Files (x86)\Skype\Phone\;C:\Program Files\Git\cmd;C:\Program Files\Java\jdk1.8.0_91\bin;."/>
    <property name="java.specification.name" value="Java Platform API Specification"/>
    <property name="java.class.version" value="52.0"/>
    <property name="sun.management.compiler" value="HotSpot 64-Bit Tiered Compilers"/>
    <property name="os.version" value="10.0"/>
    <property name="user.home" value="C:\Users\Vladimir_Provornov"/>
    <property name="user.timezone" value="Europe/Moscow"/>
    <property name="java.awt.printerjob" value="sun.awt.windows.WPrinterJob"/>
    <property name="java.specification.version" value="1.8"/>
    <property name="idea.launcher.bin.path" value="C:\Program Files (x86)\IntelliJIDEA2016.3\bin"/>
    <property name="file.encoding" value="UTF-8"/>
    <property name="user.name" value="Vladimir_Provornov"/>
    <property name="java.class.path" value="C:\Program Files (x86)\IntelliJIDEA2016.3\plugins\maven\lib\maven3\boot\plexus-classworlds-2.5.2.jar;C:\Program Files (x86)\IntelliJIDEA2016.3\lib\idea_rt.jar"/>
    <property name="java.vm.specification.version" value="1.8"/>
    <property name="sun.arch.data.model" value="64"/>
    <property name="java.home" value="C:\Program Files\Java\jdk1.8.0_91\jre"/>
    <property name="sun.java.command" value="com.intellij.rt.execution.application.AppMain org.codehaus.classworlds.Launcher -Didea.version=2016.3 install"/>
    <property name="java.specification.vendor" value="Oracle Corporation"/>
    <property name="user.language" value="en"/>
    <property name="awt.toolkit" value="sun.awt.windows.WToolkit"/>
    <property name="java.vm.info" value="mixed mode"/>
    <property name="java.version" value="1.8.0_91"/>
    <property name="java.ext.dirs" value="C:\Program Files\Java\jdk1.8.0_91\jre\lib\ext;C:\WINDOWS\Sun\Java\lib\ext"/>
    <property name="sun.boot.class.path" value="C:\Program Files\Java\jdk1.8.0_91\jre\lib\resources.jar;C:\Program Files\Java\jdk1.8.0_91\jre\lib\rt.jar;C:\Program Files\Java\jdk1.8.0_91\jre\lib\sunrsasign.jar;C:\Program Files\Java\jdk1.8.0_91\jre\lib\jsse.jar;C:\Program Files\Java\jdk1.8.0_91\jre\lib\jce.jar;C:\Program Files\Java\jdk1.8.0_91\jre\lib\charsets.jar;C:\Program Files\Java\jdk1.8.0_91\jre\lib\jfr.jar;C:\Program Files\Java\jdk1.8.0_91\jre\classes"/>
    <property name="java.vendor" value="Oracle Corporation"/>
    <property name="maven.home" value="C:\Program Files (x86)\IntelliJIDEA2016.3\plugins\maven\lib\maven3"/>
    <property name="file.separator" value="\"/>
    <property name="java.vendor.url.bug" value="http://bugreport.sun.com/bugreport/"/>
    <property name="sun.cpu.endian" value="little"/>
    <property name="sun.io.unicode.encoding" value="UnicodeLittle"/>
    <property name="sun.desktop" value="windows"/>
    <property name="sun.cpu.isalist" value="amd64"/>
  </properties>
  <testcase name="s01_BrowserMaximizeLaunch on AlfaTestStepsHP[org.test.alfa.AlfaTestStepsHP@464bee09]" classname="org.test.alfa.AlfaTestStepsHP" time="6.445"/>
  <testcase name="s02_UrlOpen on AlfaTestStepsHP[org.test.alfa.AlfaTestStepsHP@464bee09]" classname="org.test.alfa.AlfaTestStepsHP" time="1.322"/>
  <testcase name="s03_UrlCcheck on AlfaTestStepsHP[org.test.alfa.AlfaTestStepsHP@464bee09]" classname="org.test.alfa.AlfaTestStepsHP" time="0.01"/>
  <testcase name="s04_MarketOpen on AlfaTestStepsHP[org.test.alfa.AlfaTestStepsHP@464bee09]" classname="org.test.alfa.AlfaTestStepsHP" time="2.248"/>
  <testcase name="s05_MarketUrlCheck on AlfaTestStepsHP[org.test.alfa.AlfaTestStepsHP@464bee09]" classname="org.test.alfa.AlfaTestStepsHP" time="0.013"/>
  <testcase name="s06_ElectronicsOpen on AlfaTestStepsHP[org.test.alfa.AlfaTestStepsHP@464bee09]" classname="org.test.alfa.AlfaTestStepsHP" time="2.972"/>
  <testcase name="s07_HeadphonesOpen on AlfaTestStepsHP[org.test.alfa.AlfaTestStepsHP@464bee09]" classname="org.test.alfa.AlfaTestStepsHP" time="4.552"/>
  <testcase name="s08_HPUrlCheck on AlfaTestStepsHP[org.test.alfa.AlfaTestStepsHP@464bee09]" classname="org.test.alfa.AlfaTestStepsHP" time="0.017"/>
  <testcase name="s09_MinSumSet on AlfaTestStepsHP[org.test.alfa.AlfaTestStepsHP@464bee09]" classname="org.test.alfa.AlfaTestStepsHP" time="0.065"/>
  <testcase name="s10_SetBrand on AlfaTestStepsHP[org.test.alfa.AlfaTestStepsHP@464bee09]" classname="org.test.alfa.AlfaTestStepsHP" time="0.117"/>
  <testcase name="s11_PressApply on AlfaTestStepsHP[org.test.alfa.AlfaTestStepsHP@464bee09]" classname="org.test.alfa.AlfaTestStepsHP" time="0.142"/>
  <testcase name="s12_CountItems on AlfaTestStepsHP[org.test.alfa.AlfaTestStepsHP@464bee09]" classname="org.test.alfa.AlfaTestStepsHP" time="5.574"/>
  <testcase name="s13_FindFirstItem on AlfaTestStepsHP[org.test.alfa.AlfaTestStepsHP@464bee09]" classname="org.test.alfa.AlfaTestStepsHP" time="0.035"/>
  <testcase name="s14_SearchByName on AlfaTestStepsHP[org.test.alfa.AlfaTestStepsHP@464bee09]" classname="org.test.alfa.AlfaTestStepsHP" time="0.121"/>
  <testcase name="s15_CheckFoundItem on AlfaTestStepsHP[org.test.alfa.AlfaTestStepsHP@464bee09]" classname="org.test.alfa.AlfaTestStepsHP" time="12.321"/>
  <testcase name="s01_BrowserMaximizeLaunch on AlfaTestStepsTV[org.test.alfa.AlfaTestStepsTV@72d818d1]" classname="org.test.alfa.AlfaTestStepsTV" time="3.58"/>
  <testcase name="s02_UrlOpen on AlfaTestStepsTV[org.test.alfa.AlfaTestStepsTV@72d818d1]" classname="org.test.alfa.AlfaTestStepsTV" time="1.245"/>
  <testcase name="s03_UrlCcheck on AlfaTestStepsTV[org.test.alfa.AlfaTestStepsTV@72d818d1]" classname="org.test.alfa.AlfaTestStepsTV" time="0.02"/>
  <testcase name="s04_MarketOpen on AlfaTestStepsTV[org.test.alfa.AlfaTestStepsTV@72d818d1]" classname="org.test.alfa.AlfaTestStepsTV" time="2.301"/>
  <testcase name="s05_MarketUrlCheck on AlfaTestStepsTV[org.test.alfa.AlfaTestStepsTV@72d818d1]" classname="org.test.alfa.AlfaTestStepsTV" time="0.013"/>
  <testcase name="s06_ElectronicsOpen on AlfaTestStepsTV[org.test.alfa.AlfaTestStepsTV@72d818d1]" classname="org.test.alfa.AlfaTestStepsTV" time="2.514"/>
  <testcase name="s07_TVOpen on AlfaTestStepsTV[org.test.alfa.AlfaTestStepsTV@72d818d1]" classname="org.test.alfa.AlfaTestStepsTV" time="3.926"/>
  <testcase name="s08_TVUrlCheck on AlfaTestStepsTV[org.test.alfa.AlfaTestStepsTV@72d818d1]" classname="org.test.alfa.AlfaTestStepsTV" time="0.014"/>
  <testcase name="s09_MinSumSet on AlfaTestStepsTV[org.test.alfa.AlfaTestStepsTV@72d818d1]" classname="org.test.alfa.AlfaTestStepsTV" time="0.07"/>
  <testcase name="s10_SetBrand on AlfaTestStepsTV[org.test.alfa.AlfaTestStepsTV@72d818d1]" classname="org.test.alfa.AlfaTestStepsTV" time="0.294"/>
  <testcase name="s11_PressApply on AlfaTestStepsTV[org.test.alfa.AlfaTestStepsTV@72d818d1]" classname="org.test.alfa.AlfaTestStepsTV" time="0.177"/>
  <testcase name="s12_CountItems on AlfaTestStepsTV[org.test.alfa.AlfaTestStepsTV@72d818d1]" classname="org.test.alfa.AlfaTestStepsTV" time="5.472"/>
  <testcase name="s13_FindFirstItem on AlfaTestStepsTV[org.test.alfa.AlfaTestStepsTV@72d818d1]" classname="org.test.alfa.AlfaTestStepsTV" time="0.083"/>
  <testcase name="s14_SearchByName on AlfaTestStepsTV[org.test.alfa.AlfaTestStepsTV@72d818d1]" classname="org.test.alfa.AlfaTestStepsTV" time="0.215"/>
  <testcase name="s15_CheckFoundItem on AlfaTestStepsTV[org.test.alfa.AlfaTestStepsTV@72d818d1]" classname="org.test.alfa.AlfaTestStepsTV" time="4.365"/>
</testsuite>