<?xml version="1.0" encoding="UTF-8"?>
<!-- Generated by org.testng.reporters.JUnitReportReporter -->
<testsuite hostname="EPRUPETW9237" name="org.test.alfa.AlfaTestStepsTV" tests="15" failures="0" timestamp="5 Dec 2016 12:31:59 GMT" time="24.292" errors="0">
  <testcase name="s15_CheckFoundItem" time="4.367" classname="org.test.alfa.AlfaTestStepsTV"/>
  <testcase name="s05_MarketUrlCheck" time="0.013" classname="org.test.alfa.AlfaTestStepsTV"/>
  <testcase name="s10_SetBrand" time="0.294" classname="org.test.alfa.AlfaTestStepsTV"/>
  <testcase name="s03_UrlCcheck" time="0.018" classname="org.test.alfa.AlfaTestStepsTV"/>
  <testcase name="s13_FindFirstItem" time="0.083" classname="org.test.alfa.AlfaTestStepsTV"/>
  <testcase name="s06_ElectronicsOpen" time="2.514" classname="org.test.alfa.AlfaTestStepsTV"/>
  <testcase name="s11_PressApply" time="0.177" classname="org.test.alfa.AlfaTestStepsTV"/>
  <testcase name="s12_CountItems" time="5.472" classname="org.test.alfa.AlfaTestStepsTV"/>
  <testcase name="s02_UrlOpen" time="1.245" classname="org.test.alfa.AlfaTestStepsTV"/>
  <testcase name="s04_MarketOpen" time="2.304" classname="org.test.alfa.AlfaTestStepsTV"/>
  <testcase name="s14_SearchByName" time="0.212" classname="org.test.alfa.AlfaTestStepsTV"/>
  <testcase name="s09_MinSumSet" time="0.072" classname="org.test.alfa.AlfaTestStepsTV"/>
  <testcase name="s01_BrowserMaximizeLaunch" time="3.580" classname="org.test.alfa.AlfaTestStepsTV"/>
  <testcase name="s07_TVOpen" time="3.924" classname="org.test.alfa.AlfaTestStepsTV"/>
  <testcase name="s08_TVUrlCheck" time="0.017" classname="org.test.alfa.AlfaTestStepsTV"/>
</testsuite> <!-- org.test.alfa.AlfaTestStepsTV -->
