<?xml version="1.0" encoding="UTF-8"?>
<!-- Generated by org.testng.reporters.JUnitReportReporter -->
<testsuite hostname="EPRUPETW9237" name="org.test.alfa.AlfaTestStepsHP" tests="15" failures="0" timestamp="5 Dec 2016 12:32:00 GMT" time="35.958" errors="0">
  <testcase name="s15_CheckFoundItem" time="12.321" classname="org.test.alfa.AlfaTestStepsHP"/>
  <testcase name="s12_CountItems" time="5.574" classname="org.test.alfa.AlfaTestStepsHP"/>
  <testcase name="s05_MarketUrlCheck" time="0.014" classname="org.test.alfa.AlfaTestStepsHP"/>
  <testcase name="s01_BrowserMaximizeLaunch" time="6.445" classname="org.test.alfa.AlfaTestStepsHP"/>
  <testcase name="s08_HPUrlCheck" time="0.025" classname="org.test.alfa.AlfaTestStepsHP"/>
  <testcase name="s14_SearchByName" time="0.121" classname="org.test.alfa.AlfaTestStepsHP"/>
  <testcase name="s07_HeadphonesOpen" time="4.544" classname="org.test.alfa.AlfaTestStepsHP"/>
  <testcase name="s06_ElectronicsOpen" time="2.972" classname="org.test.alfa.AlfaTestStepsHP"/>
  <testcase name="s02_UrlOpen" time="1.323" classname="org.test.alfa.AlfaTestStepsHP"/>
  <testcase name="s09_MinSumSet" time="0.065" classname="org.test.alfa.AlfaTestStepsHP"/>
  <testcase name="s03_UrlCcheck" time="0.012" classname="org.test.alfa.AlfaTestStepsHP"/>
  <testcase name="s11_PressApply" time="0.142" classname="org.test.alfa.AlfaTestStepsHP"/>
  <testcase name="s10_SetBrand" time="0.116" classname="org.test.alfa.AlfaTestStepsHP"/>
  <testcase name="s04_MarketOpen" time="2.248" classname="org.test.alfa.AlfaTestStepsHP"/>
  <testcase name="s13_FindFirstItem" time="0.036" classname="org.test.alfa.AlfaTestStepsHP"/>
</testsuite> <!-- org.test.alfa.AlfaTestStepsHP -->
